This is pdfTeX, Version 3.141592653-2.6-1.40.25 (TeX Live 2023/Debian) (preloaded format=pdflatex 2024.10.31)  5 NOV 2024 23:58
entering extended mode
 restricted \write18 enabled.
 file:line:error style messages enabled.
 %&-line parsing enabled.
**"/home/nanachanuwu/CODE_LEARN_CODE_BLOCK/LATEX/DTT2/BT 3/MAIN.tex"
(/home/nanachanuwu/CODE_LEARN_CODE_BLOCK/LATEX/DTT2/BT 3/MAIN.tex
LaTeX2e <2023-11-01> patch level 1
L3 programming layer <2024-01-22>
(/usr/share/texlive/texmf-dist/tex/latex/base/article.cls
Document Class: article 2023/05/17 v1.4n Standard LaTeX document class
(/usr/share/texlive/texmf-dist/tex/latex/base/size10.clo
File: size10.clo 2023/05/17 v1.4n Standard LaTeX file (size option)
)
\c@part=\count187
\c@section=\count188
\c@subsection=\count189
\c@subsubsection=\count190
\c@paragraph=\count191
\c@subparagraph=\count192
\c@figure=\count193
\c@table=\count194
\abovecaptionskip=\skip48
\belowcaptionskip=\skip49
\bibindent=\dimen140
) (/usr/share/texlive/texmf-dist/tex/latex/graphics/graphicx.sty
Package: graphicx 2021/09/16 v1.2d Enhanced LaTeX Graphics (DPC,SPQR)
 (/usr/share/texlive/texmf-dist/tex/latex/graphics/keyval.sty
Package: keyval 2022/05/29 v1.15 key=value parser (DPC)
\KV@toks@=\toks17
) (/usr/share/texlive/texmf-dist/tex/latex/graphics/graphics.sty
Package: graphics 2022/03/10 v1.4e Standard LaTeX Graphics (DPC,SPQR)
 (/usr/share/texlive/texmf-dist/tex/latex/graphics/trig.sty
Package: trig 2021/08/11 v1.11 sin cos tan (DPC)
) (/usr/share/texlive/texmf-dist/tex/latex/graphics-cfg/graphics.cfg
File: graphics.cfg 2016/06/04 v1.11 sample graphics configuration
)
Package graphics Info: Driver file: pdftex.def on input line 107.
 (/usr/share/texlive/texmf-dist/tex/latex/graphics-def/pdftex.def
File: pdftex.def 2022/09/22 v1.2b Graphics/color driver for pdftex
))
\Gin@req@height=\dimen141
\Gin@req@width=\dimen142
) (/usr/share/texlive/texmf-dist/tex/latex/vntex/vietnam.sty
Package: vietnam 2009/07/12 v1.3 support for Vietnamese
 (/usr/share/texlive/texmf-dist/tex/latex/base/ifthen.sty
Package: ifthen 2022/04/13 v1.1d Standard LaTeX ifthen package (DPC)
) (/usr/share/texlive/texmf-dist/tex/latex/base/fontenc.sty
Package: fontenc 2021/04/29 v2.0v Standard LaTeX package
 (/usr/share/texlive/texmf-dist/tex/latex/vntex/t5enc.def
File: t5enc.def 2006/11/21 v1.4 Vietnamese T5 encoding
Now handling font encoding T5 ...
... processing UTF-8 mapping file for font encoding T5
 (/usr/share/texlive/texmf-dist/tex/latex/vntex/t5enc.dfu
File: t5enc.dfu 2006/08/19 v1.1 UTF8 support for Vietnamese
   defining Unicode char U+00AB (decimal 171)
   defining Unicode char U+00BB (decimal 187)
   defining Unicode char U+00C0 (decimal 192)
   defining Unicode char U+00C1 (decimal 193)
   defining Unicode char U+00C2 (decimal 194)
   defining Unicode char U+00C3 (decimal 195)
   defining Unicode char U+00C8 (decimal 200)
   defining Unicode char U+00C9 (decimal 201)
   defining Unicode char U+00CA (decimal 202)
   defining Unicode char U+00CC (decimal 204)
   defining Unicode char U+00CD (decimal 205)
   defining Unicode char U+00D2 (decimal 210)
   defining Unicode char U+00D3 (decimal 211)
   defining Unicode char U+00D4 (decimal 212)
   defining Unicode char U+00D5 (decimal 213)
   defining Unicode char U+00D9 (decimal 217)
   defining Unicode char U+00DA (decimal 218)
   defining Unicode char U+00DD (decimal 221)
   defining Unicode char U+00E0 (decimal 224)
   defining Unicode char U+00E1 (decimal 225)
   defining Unicode char U+00E2 (decimal 226)
   defining Unicode char U+00E3 (decimal 227)
   defining Unicode char U+00E8 (decimal 232)
   defining Unicode char U+00E9 (decimal 233)
   defining Unicode char U+00EA (decimal 234)
   defining Unicode char U+00EC (decimal 236)
   defining Unicode char U+00ED (decimal 237)
   defining Unicode char U+00F2 (decimal 242)
   defining Unicode char U+00F3 (decimal 243)
   defining Unicode char U+00F4 (decimal 244)
   defining Unicode char U+00F5 (decimal 245)
   defining Unicode char U+00F9 (decimal 249)
   defining Unicode char U+00FA (decimal 250)
   defining Unicode char U+00FD (decimal 253)
   defining Unicode char U+0102 (decimal 258)
   defining Unicode char U+0103 (decimal 259)
   defining Unicode char U+0110 (decimal 272)
   defining Unicode char U+0111 (decimal 273)
   defining Unicode char U+0128 (decimal 296)
   defining Unicode char U+0129 (decimal 297)
   defining Unicode char U+0131 (decimal 305)
   defining Unicode char U+0168 (decimal 360)
   defining Unicode char U+0169 (decimal 361)
   defining Unicode char U+01A0 (decimal 416)
   defining Unicode char U+01A1 (decimal 417)
   defining Unicode char U+01AF (decimal 431)
   defining Unicode char U+01B0 (decimal 432)
   defining Unicode char U+1EA0 (decimal 7840)
   defining Unicode char U+1EA1 (decimal 7841)
   defining Unicode char U+1EA2 (decimal 7842)
   defining Unicode char U+1EA3 (decimal 7843)
   defining Unicode char U+1EA4 (decimal 7844)
   defining Unicode char U+1EA5 (decimal 7845)
   defining Unicode char U+1EA6 (decimal 7846)
   defining Unicode char U+1EA7 (decimal 7847)
   defining Unicode char U+1EA8 (decimal 7848)
   defining Unicode char U+1EA9 (decimal 7849)
   defining Unicode char U+1EAA (decimal 7850)
   defining Unicode char U+1EAB (decimal 7851)
   defining Unicode char U+1EAC (decimal 7852)
   defining Unicode char U+1EAD (decimal 7853)
   defining Unicode char U+1EAE (decimal 7854)
   defining Unicode char U+1EAF (decimal 7855)
   defining Unicode char U+1EB0 (decimal 7856)
   defining Unicode char U+1EB1 (decimal 7857)
   defining Unicode char U+1EB2 (decimal 7858)
   defining Unicode char U+1EB3 (decimal 7859)
   defining Unicode char U+1EB4 (decimal 7860)
   defining Unicode char U+1EB5 (decimal 7861)
   defining Unicode char U+1EB6 (decimal 7862)
   defining Unicode char U+1EB7 (decimal 7863)
   defining Unicode char U+1EB8 (decimal 7864)
   defining Unicode char U+1EB9 (decimal 7865)
   defining Unicode char U+1EBA (decimal 7866)
   defining Unicode char U+1EBB (decimal 7867)
   defining Unicode char U+1EBC (decimal 7868)
   defining Unicode char U+1EBD (decimal 7869)
   defining Unicode char U+1EBE (decimal 7870)
   defining Unicode char U+1EBF (decimal 7871)
   defining Unicode char U+1EC0 (decimal 7872)
   defining Unicode char U+1EC1 (decimal 7873)
   defining Unicode char U+1EC2 (decimal 7874)
   defining Unicode char U+1EC3 (decimal 7875)
   defining Unicode char U+1EC4 (decimal 7876)
   defining Unicode char U+1EC5 (decimal 7877)
   defining Unicode char U+1EC6 (decimal 7878)
   defining Unicode char U+1EC7 (decimal 7879)
   defining Unicode char U+1EC8 (decimal 7880)
   defining Unicode char U+1EC9 (decimal 7881)
   defining Unicode char U+1ECA (decimal 7882)
   defining Unicode char U+1ECB (decimal 7883)
   defining Unicode char U+1ECC (decimal 7884)
   defining Unicode char U+1ECD (decimal 7885)
   defining Unicode char U+1ECE (decimal 7886)
   defining Unicode char U+1ECF (decimal 7887)
   defining Unicode char U+1ED0 (decimal 7888)
   defining Unicode char U+1ED1 (decimal 7889)
   defining Unicode char U+1ED2 (decimal 7890)
   defining Unicode char U+1ED3 (decimal 7891)
   defining Unicode char U+1ED4 (decimal 7892)
   defining Unicode char U+1ED5 (decimal 7893)
   defining Unicode char U+1ED6 (decimal 7894)
   defining Unicode char U+1ED7 (decimal 7895)
   defining Unicode char U+1ED8 (decimal 7896)
   defining Unicode char U+1ED9 (decimal 7897)
   defining Unicode char U+1EDA (decimal 7898)
   defining Unicode char U+1EDB (decimal 7899)
   defining Unicode char U+1EDC (decimal 7900)
   defining Unicode char U+1EDD (decimal 7901)
   defining Unicode char U+1EDE (decimal 7902)
   defining Unicode char U+1EDF (decimal 7903)
   defining Unicode char U+1EE0 (decimal 7904)
   defining Unicode char U+1EE1 (decimal 7905)
   defining Unicode char U+1EE2 (decimal 7906)
   defining Unicode char U+1EE3 (decimal 7907)
   defining Unicode char U+1EE4 (decimal 7908)
   defining Unicode char U+1EE5 (decimal 7909)
   defining Unicode char U+1EE6 (decimal 7910)
   defining Unicode char U+1EE7 (decimal 7911)
   defining Unicode char U+1EE8 (decimal 7912)
   defining Unicode char U+1EE9 (decimal 7913)
   defining Unicode char U+1EEA (decimal 7914)
   defining Unicode char U+1EEB (decimal 7915)
   defining Unicode char U+1EEC (decimal 7916)
   defining Unicode char U+1EED (decimal 7917)
   defining Unicode char U+1EEE (decimal 7918)
   defining Unicode char U+1EEF (decimal 7919)
   defining Unicode char U+1EF0 (decimal 7920)
   defining Unicode char U+1EF1 (decimal 7921)
   defining Unicode char U+1EF2 (decimal 7922)
   defining Unicode char U+1EF3 (decimal 7923)
   defining Unicode char U+1EF4 (decimal 7924)
   defining Unicode char U+1EF5 (decimal 7925)
   defining Unicode char U+1EF6 (decimal 7926)
   defining Unicode char U+1EF7 (decimal 7927)
   defining Unicode char U+1EF8 (decimal 7928)
   defining Unicode char U+1EF9 (decimal 7929)
   defining Unicode char U+200C (decimal 8204)
   defining Unicode char U+2013 (decimal 8211)
   defining Unicode char U+2014 (decimal 8212)
   defining Unicode char U+2018 (decimal 8216)
   defining Unicode char U+2019 (decimal 8217)
   defining Unicode char U+201A (decimal 8218)
   defining Unicode char U+201C (decimal 8220)
   defining Unicode char U+201D (decimal 8221)
   defining Unicode char U+201E (decimal 8222)
   defining Unicode char U+2030 (decimal 8240)
   defining Unicode char U+2031 (decimal 8241)
   defining Unicode char U+2039 (decimal 8249)
   defining Unicode char U+203A (decimal 8250)
   defining Unicode char U+2423 (decimal 9251)
))
LaTeX Font Info:    Trying to load font information for T5+cmr on input line 112.
 (/usr/share/texlive/texmf-dist/tex/latex/vntex/t5cmr.fd
File: t5cmr.fd 1999/05/25 v2.5h Standard LaTeX font definitions
)) (/usr/share/texlive/texmf-dist/tex/latex/base/inputenc.sty
Package: inputenc 2021/02/14 v1.3d Input encoding file
\inpenc@prehook=\toks18
\inpenc@posthook=\toks19
) (/usr/share/texlive/texmf-dist/tex/latex/vntex/vncaps.tex
File: vncaps.tex 2006/06/07 v1.1 Captions in Vietnamese
)) (/usr/share/texlive/texmf-dist/tex/latex/amsmath/amsmath.sty
Package: amsmath 2023/05/13 v2.17o AMS math features
\@mathmargin=\skip50

For additional information on amsmath, use the `?' option.
(/usr/share/texlive/texmf-dist/tex/latex/amsmath/amstext.sty
Package: amstext 2021/08/26 v2.01 AMS text
 (/usr/share/texlive/texmf-dist/tex/latex/amsmath/amsgen.sty
File: amsgen.sty 1999/11/30 v2.0 generic functions
\@emptytoks=\toks20
\ex@=\dimen143
)) (/usr/share/texlive/texmf-dist/tex/latex/amsmath/amsbsy.sty
Package: amsbsy 1999/11/29 v1.2d Bold Symbols
\pmbraise@=\dimen144
) (/usr/share/texlive/texmf-dist/tex/latex/amsmath/amsopn.sty
Package: amsopn 2022/04/08 v2.04 operator names
)
\inf@bad=\count195
LaTeX Info: Redefining \frac on input line 234.
\uproot@=\count196
\leftroot@=\count197
LaTeX Info: Redefining \overline on input line 399.
LaTeX Info: Redefining \colon on input line 410.
\classnum@=\count198
\DOTSCASE@=\count199
LaTeX Info: Redefining \ldots on input line 496.
LaTeX Info: Redefining \dots on input line 499.
LaTeX Info: Redefining \cdots on input line 620.
\Mathstrutbox@=\box51
\strutbox@=\box52
LaTeX Info: Redefining \big on input line 722.
LaTeX Info: Redefining \Big on input line 723.
LaTeX Info: Redefining \bigg on input line 724.
LaTeX Info: Redefining \Bigg on input line 725.
\big@size=\dimen145
LaTeX Font Info:    Redeclaring font encoding OML on input line 743.
LaTeX Font Info:    Redeclaring font encoding OMS on input line 744.
\macc@depth=\count266
LaTeX Info: Redefining \bmod on input line 905.
LaTeX Info: Redefining \pmod on input line 910.
LaTeX Info: Redefining \smash on input line 940.
LaTeX Info: Redefining \relbar on input line 970.
LaTeX Info: Redefining \Relbar on input line 971.
\c@MaxMatrixCols=\count267
\dotsspace@=\muskip16
\c@parentequation=\count268
\dspbrk@lvl=\count269
\tag@help=\toks21
\row@=\count270
\column@=\count271
\maxfields@=\count272
\andhelp@=\toks22
\eqnshift@=\dimen146
\alignsep@=\dimen147
\tagshift@=\dimen148
\tagwidth@=\dimen149
\totwidth@=\dimen150
\lineht@=\dimen151
\@envbody=\toks23
\multlinegap=\skip51
\multlinetaggap=\skip52
\mathdisplay@stack=\toks24
LaTeX Info: Redefining \[ on input line 2953.
LaTeX Info: Redefining \] on input line 2954.
) (/usr/share/texlive/texmf-dist/tex/latex/setspace/setspace.sty
Package: setspace 2022/12/04 v6.7b set line spacing
) (/usr/share/texlive/texmf-dist/tex/latex/tocbibind/tocbibind.sty
Package: tocbibind 2010/10/13 v1.5k extra ToC listings
Package tocbibind Info: The document has section divisions on input line 50.


Package tocbibind Note: Using section or other style headings.

) (/usr/share/texlive/texmf-dist/tex/latex/hyperref/hyperref.sty
Package: hyperref 2024-01-20 v7.01h Hypertext links for LaTeX
 (/usr/share/texlive/texmf-dist/tex/generic/iftex/iftex.sty
Package: iftex 2022/02/03 v1.0f TeX engine tests
) (/usr/share/texlive/texmf-dist/tex/latex/kvsetkeys/kvsetkeys.sty
Package: kvsetkeys 2022-10-05 v1.19 Key value parser (HO)
) (/usr/share/texlive/texmf-dist/tex/generic/kvdefinekeys/kvdefinekeys.sty
Package: kvdefinekeys 2019-12-19 v1.6 Define keys (HO)
) (/usr/share/texlive/texmf-dist/tex/generic/pdfescape/pdfescape.sty
Package: pdfescape 2019/12/09 v1.15 Implements pdfTeX's escape features (HO)
 (/usr/share/texlive/texmf-dist/tex/generic/ltxcmds/ltxcmds.sty
Package: ltxcmds 2023-12-04 v1.26 LaTeX kernel commands for general use (HO)
) (/usr/share/texlive/texmf-dist/tex/generic/pdftexcmds/pdftexcmds.sty
Package: pdftexcmds 2020-06-27 v0.33 Utility functions of pdfTeX for LuaTeX (HO)
 (/usr/share/texlive/texmf-dist/tex/generic/infwarerr/infwarerr.sty
Package: infwarerr 2019/12/03 v1.5 Providing info/warning/error messages (HO)
)
Package pdftexcmds Info: \pdf@primitive is available.
Package pdftexcmds Info: \pdf@ifprimitive is available.
Package pdftexcmds Info: \pdfdraftmode found.
)) (/usr/share/texlive/texmf-dist/tex/latex/hycolor/hycolor.sty
Package: hycolor 2020-01-27 v1.10 Color options for hyperref/bookmark (HO)
) (/usr/share/texlive/texmf-dist/tex/latex/auxhook/auxhook.sty
Package: auxhook 2019-12-17 v1.6 Hooks for auxiliary files (HO)
) (/usr/share/texlive/texmf-dist/tex/latex/hyperref/nameref.sty
Package: nameref 2023-11-26 v2.56 Cross-referencing by name of section
 (/usr/share/texlive/texmf-dist/tex/latex/refcount/refcount.sty
Package: refcount 2019/12/15 v3.6 Data extraction from label references (HO)
) (/usr/share/texlive/texmf-dist/tex/generic/gettitlestring/gettitlestring.sty
Package: gettitlestring 2019/12/15 v1.6 Cleanup title references (HO)
 (/usr/share/texlive/texmf-dist/tex/latex/kvoptions/kvoptions.sty
Package: kvoptions 2022-06-15 v3.15 Key value format for package options (HO)
))
\c@section@level=\count273
) (/usr/share/texlive/texmf-dist/tex/latex/etoolbox/etoolbox.sty
Package: etoolbox 2020/10/05 v2.5k e-TeX tools for LaTeX (JAW)
\etb@tempcnta=\count274
)
\@linkdim=\dimen152
\Hy@linkcounter=\count275
\Hy@pagecounter=\count276
 (/usr/share/texlive/texmf-dist/tex/latex/hyperref/pd1enc.def
File: pd1enc.def 2024-01-20 v7.01h Hyperref: PDFDocEncoding definition (HO)
Now handling font encoding PD1 ...
... no UTF-8 mapping file for font encoding PD1
) (/usr/share/texlive/texmf-dist/tex/generic/intcalc/intcalc.sty
Package: intcalc 2019/12/15 v1.3 Expandable calculations with integers (HO)
)
\Hy@SavedSpaceFactor=\count277
 (/usr/share/texlive/texmf-dist/tex/latex/hyperref/puenc.def
File: puenc.def 2024-01-20 v7.01h Hyperref: PDF Unicode definition (HO)
Now handling font encoding PU ...
... no UTF-8 mapping file for font encoding PU
)
Package hyperref Info: Hyper figures OFF on input line 4179.
Package hyperref Info: Link nesting OFF on input line 4184.
Package hyperref Info: Hyper index ON on input line 4187.
Package hyperref Info: Plain pages OFF on input line 4194.
Package hyperref Info: Backreferencing OFF on input line 4199.
Package hyperref Info: Implicit mode ON; LaTeX internals redefined.
Package hyperref Info: Bookmarks ON on input line 4446.
\c@Hy@tempcnt=\count278
 (/usr/share/texlive/texmf-dist/tex/latex/url/url.sty
\Urlmuskip=\muskip17
Package: url 2013/09/16  ver 3.4  Verb mode for urls, etc.
)
LaTeX Info: Redefining \url on input line 4784.
\XeTeXLinkMargin=\dimen153
 (/usr/share/texlive/texmf-dist/tex/generic/bitset/bitset.sty
Package: bitset 2019/12/09 v1.3 Handle bit-vector datatype (HO)
 (/usr/share/texlive/texmf-dist/tex/generic/bigintcalc/bigintcalc.sty
Package: bigintcalc 2019/12/15 v1.5 Expandable calculations on big integers (HO)
))
\Fld@menulength=\count279
\Field@Width=\dimen154
\Fld@charsize=\dimen155
Package hyperref Info: Hyper figures OFF on input line 6063.
Package hyperref Info: Link nesting OFF on input line 6068.
Package hyperref Info: Hyper index ON on input line 6071.
Package hyperref Info: backreferencing OFF on input line 6078.
Package hyperref Info: Link coloring OFF on input line 6083.
Package hyperref Info: Link coloring with OCG OFF on input line 6088.
Package hyperref Info: PDF/A mode OFF on input line 6093.
 (/usr/share/texlive/texmf-dist/tex/latex/base/atbegshi-ltx.sty
Package: atbegshi-ltx 2021/01/10 v1.0c Emulation of the original atbegshi
package with kernel methods
)
\Hy@abspage=\count280
\c@Item=\count281
\c@Hfootnote=\count282
)
Package hyperref Info: Driver (autodetected): hpdftex.
 (/usr/share/texlive/texmf-dist/tex/latex/hyperref/hpdftex.def
File: hpdftex.def 2024-01-20 v7.01h Hyperref driver for pdfTeX
 (/usr/share/texlive/texmf-dist/tex/latex/base/atveryend-ltx.sty
Package: atveryend-ltx 2020/08/19 v1.0a Emulation of the original atveryend package
with kernel methods
)
\Fld@listcount=\count283
\c@bookmark@seq@number=\count284
 (/usr/share/texlive/texmf-dist/tex/latex/rerunfilecheck/rerunfilecheck.sty
Package: rerunfilecheck 2022-07-10 v1.10 Rerun checks for auxiliary files (HO)
 (/usr/share/texlive/texmf-dist/tex/generic/uniquecounter/uniquecounter.sty
Package: uniquecounter 2019/12/15 v1.4 Provide unlimited unique counter (HO)
)
Package uniquecounter Info: New unique counter `rerunfilecheck' on input line 285.
)
\Hy@SectionHShift=\skip53
)
Package hyperref Info: Option `colorlinks' set `true' on input line 18.
 (/usr/share/texlive/texmf-dist/tex/latex/l3backend/l3backend-pdftex.def
File: l3backend-pdftex.def 2024-01-04 L3 backend support: PDF output (pdfTeX)
\l__color_backend_stack_int=\count285
\l__pdf_internal_box=\box53
) (./MAIN.aux)
\openout1 = `MAIN.aux'.

LaTeX Font Info:    Checking defaults for OML/cmm/m/it on input line 37.
LaTeX Font Info:    ... okay on input line 37.
LaTeX Font Info:    Checking defaults for OMS/cmsy/m/n on input line 37.
LaTeX Font Info:    ... okay on input line 37.
LaTeX Font Info:    Checking defaults for OT1/cmr/m/n on input line 37.
LaTeX Font Info:    ... okay on input line 37.
LaTeX Font Info:    Checking defaults for T1/cmr/m/n on input line 37.
LaTeX Font Info:    ... okay on input line 37.
LaTeX Font Info:    Checking defaults for TS1/cmr/m/n on input line 37.
LaTeX Font Info:    ... okay on input line 37.
LaTeX Font Info:    Checking defaults for OMX/cmex/m/n on input line 37.
LaTeX Font Info:    ... okay on input line 37.
LaTeX Font Info:    Checking defaults for U/cmr/m/n on input line 37.
LaTeX Font Info:    ... okay on input line 37.
LaTeX Font Info:    Checking defaults for T5/cmr/m/n on input line 37.
LaTeX Font Info:    ... okay on input line 37.
LaTeX Font Info:    Checking defaults for PD1/pdf/m/n on input line 37.
LaTeX Font Info:    ... okay on input line 37.
LaTeX Font Info:    Checking defaults for PU/pdf/m/n on input line 37.
LaTeX Font Info:    ... okay on input line 37.
 (/usr/share/texlive/texmf-dist/tex/context/base/mkii/supp-pdf.mkii
[Loading MPS to PDF converter (version 2006.09.02).]
\scratchcounter=\count286
\scratchdimen=\dimen156
\scratchbox=\box54
\nofMPsegments=\count287
\nofMParguments=\count288
\everyMPshowfont=\toks25
\MPscratchCnt=\count289
\MPscratchDim=\dimen157
\MPnumerator=\count290
\makeMPintoPDFobject=\count291
\everyMPtoPDFconversion=\toks26
) (/usr/share/texlive/texmf-dist/tex/latex/epstopdf-pkg/epstopdf-base.sty
Package: epstopdf-base 2020-01-24 v2.11 Base part for package epstopdf
Package epstopdf-base Info: Redefining graphics rule for `.eps' on input line 485.
 (/usr/share/texlive/texmf-dist/tex/latex/latexconfig/epstopdf-sys.cfg
File: epstopdf-sys.cfg 2010/07/13 v1.3 Configuration of (r)epstopdf for TeX Live
)) (/usr/share/texlive/texmf-dist/tex/latex/graphics/color.sty
Package: color 2022/01/06 v1.3d Standard LaTeX Color (DPC)
 (/usr/share/texlive/texmf-dist/tex/latex/graphics-cfg/color.cfg
File: color.cfg 2016/01/02 v1.6 sample color configuration
)
Package color Info: Driver file: pdftex.def on input line 149.
 (/usr/share/texlive/texmf-dist/tex/latex/graphics/mathcolor.ltx))
Package hyperref Info: Link coloring ON on input line 37.
\@outlinefile=\write3
\openout3 = `MAIN.out'.



LaTeX Warning: File `LOGO.png' not found on input line 57.


/home/nanachanuwu/CODE_LEARN_CODE_BLOCK/LATEX/DTT2/BT 3/MAIN.tex:57: Package pdftex.def Error: File `LOGO.png' not found: using draft setting.

See the pdftex.def package documentation for explanation.
Type  H <return>  for immediate help.
 ...                                              
                                                  
l.57 ...udegraphics[width=0.8\textwidth]{LOGO.png}
                                                  
Try typing  <return>  to proceed.
If that doesn't work, type  X <return>  to quit.

LaTeX Font Info:    Trying to load font information for T5+cmtt on input line 57.
(/usr/share/texlive/texmf-dist/tex/latex/vntex/t5cmtt.fd
File: t5cmtt.fd 1999/05/25 v2.5h Standard LaTeX font definitions
) [1

{/var/lib/texmf/fonts/map/pdftex/updmap/pdftex.map}]
No file MAIN.toc.
\tf@toc=\write4
\openout4 = `MAIN.toc'.

No file MAIN.lof.
\tf@lof=\write5
\openout5 = `MAIN.lof'.


pdfTeX warning (ext4): destination with the same identifier (name{page.1}) has been already used, duplicate ignored
<to be read again> 
                   \relax 
l.90 \newpage
              [1]

/home/nanachanuwu/CODE_LEARN_CODE_BLOCK/LATEX/DTT2/BT 3/MAIN.tex:95: LaTeX Error: Unicode character œÄ (U+03C0)
               not set up for use with LaTeX.

See the LaTeX manual or LaTeX Companion for explanation.
Type  H <return>  for immediate help.
 ...                                              
                                                  
l.95 ... khu·∫øch ƒë·∫°i t√≠n hi·ªáu RF. M·∫°ch œÄ
                                                   th∆∞·ªùng ƒë∆∞·ª£c d√πng ...
You may provide a definition with
\DeclareUnicodeCharacter 


/home/nanachanuwu/CODE_LEARN_CODE_BLOCK/LATEX/DTT2/BT 3/MAIN.tex:103: LaTeX Error: Unicode character œÄ (U+03C0)
               not set up for use with LaTeX.

See the LaTeX manual or LaTeX Companion for explanation.
Type  H <return>  for immediate help.
 ...                                              
                                                  
l.103 M·∫°ch œÄ
                ph·ªëi h·ª£p tr·ªü kh√°ng gi√∫p t·ªëi ∆∞u h√≥a s·ª± truy·ªÅn...
You may provide a definition with
\DeclareUnicodeCharacter 


/home/nanachanuwu/CODE_LEARN_CODE_BLOCK/LATEX/DTT2/BT 3/MAIN.tex:103: LaTeX Error: Unicode character œÄ (U+03C0)
               not set up for use with LaTeX.

See the LaTeX manual or LaTeX Companion for explanation.
Type  H <return>  for immediate help.
 ...                                              
                                                  
l.103 ...Khi t·∫ßn s·ªë t√≠n hi·ªáu cao, m·∫°ch œÄ
                                                   t·∫°o ra c√°c ƒëi·ªÉm c·ª...
You may provide a definition with
\DeclareUnicodeCharacter 


/home/nanachanuwu/CODE_LEARN_CODE_BLOCK/LATEX/DTT2/BT 3/MAIN.tex:109: LaTeX Error: Unicode character œÄ (U+03C0)
               not set up for use with LaTeX.

See the LaTeX manual or LaTeX Companion for explanation.
Type  H <return>  for immediate help.
 ...                                              
                                                  
l.109 ... Kh·∫£ nƒÉng l·ªçc nhi·ªÖu cao: M·∫°ch œÄ
                                                   c√≥ th·ªÉ ho·∫°t ƒë·ªông ...
You may provide a definition with
\DeclareUnicodeCharacter 


/home/nanachanuwu/CODE_LEARN_CODE_BLOCK/LATEX/DTT2/BT 3/MAIN.tex:110: LaTeX Error: Unicode character œÄ (U+03C0)
               not set up for use with LaTeX.

See the LaTeX manual or LaTeX Companion for explanation.
Type  H <return>  for immediate help.
 ...                                              
                                                  
l.110 ...√∫c hai t·ª• ƒëi·ªán song song, m·∫°ch œÄ
                                                   d·ªÖ d√†ng ƒëi·ªÅu ch·ªân...
You may provide a definition with
\DeclareUnicodeCharacter 

[2]

/home/nanachanuwu/CODE_LEARN_CODE_BLOCK/LATEX/DTT2/BT 3/MAIN.tex:111: LaTeX Error: Unicode character œÄ (U+03C0)
               not set up for use with LaTeX.

See the LaTeX manual or LaTeX Companion for explanation.
Type  H <return>  for immediate help.
 ...                                              
                                                  
l.111 ...ng d·ª•ng r·ªông r√£i trong RF: M·∫°ch œÄ
                                                   r·∫•t ph·ªï bi·∫øn trong ...
You may provide a definition with
\DeclareUnicodeCharacter 


/home/nanachanuwu/CODE_LEARN_CODE_BLOCK/LATEX/DTT2/BT 3/MAIN.tex:116: LaTeX Error: Unicode character œÄ (U+03C0)
               not set up for use with LaTeX.

See the LaTeX manual or LaTeX Companion for explanation.
Type  H <return>  for immediate help.
 ...                                              
                                                  
l.116 ...≠ch th∆∞·ªõc v√† chi ph√≠ c·ªßa m·∫°ch œÄ
                                                   c√≥ th·ªÉ l·ªõn h∆°n so v...
You may provide a definition with
\DeclareUnicodeCharacter 


/home/nanachanuwu/CODE_LEARN_CODE_BLOCK/LATEX/DTT2/BT 3/MAIN.tex:117: LaTeX Error: Unicode character œÄ (U+03C0)
               not set up for use with LaTeX.

See the LaTeX manual or LaTeX Companion for explanation.
Type  H <return>  for immediate help.
 ...                                              
                                                  
l.117 ...™u c·∫ßu ƒë·ªô ch√≠nh x√°c cao: M·∫°ch œÄ
                                                   ph√π h·ª£p v·ªõi c√°c ·ª©...
You may provide a definition with
\DeclareUnicodeCharacter 


/home/nanachanuwu/CODE_LEARN_CODE_BLOCK/LATEX/DTT2/BT 3/MAIN.tex:117: LaTeX Error: Unicode character œÄ (U+03C0)
               not set up for use with LaTeX.

See the LaTeX manual or LaTeX Companion for explanation.
Type  H <return>  for immediate help.
 ...                                              
                                                  
l.117 ...c√≥ ƒë·ªô ch√≠nh x√°c cao h∆°n, m·∫°ch œÄ
                                                   c√≥ th·ªÉ g·∫∑p kh√≥ khƒÉ...
You may provide a definition with
\DeclareUnicodeCharacter 


LaTeX Warning: File `PI/Screenshot from 2024-11-05 21-27-14.png' not found on input line 125.


/home/nanachanuwu/CODE_LEARN_CODE_BLOCK/LATEX/DTT2/BT 3/MAIN.tex:125: Package pdftex.def Error: File `PI/Screenshot from 2024-11-05 21-27-14.png' not found: using draft setting.

See the pdftex.def package documentation for explanation.
Type  H <return>  for immediate help.
 ...                                              
                                                  
l.125 .../Screenshot from 2024-11-05 21-27-14.png}
                                                  
Try typing  <return>  to proceed.
If that doesn't work, type  X <return>  to quit.


LaTeX Warning: File `PI-BT/Screenshot from 2024-11-05 22-27-50.png' not found on input line 133.


/home/nanachanuwu/CODE_LEARN_CODE_BLOCK/LATEX/DTT2/BT 3/MAIN.tex:133: Package pdftex.def Error: File `PI-BT/Screenshot from 2024-11-05 22-27-50.png' not found: using draft setting.

See the pdftex.def package documentation for explanation.
Type  H <return>  for immediate help.
 ...                                              
                                                  
l.133 .../Screenshot from 2024-11-05 22-27-50.png}
                                                  
Try typing  <return>  to proceed.
If that doesn't work, type  X <return>  to quit.

/home/nanachanuwu/CODE_LEARN_CODE_BLOCK/LATEX/DTT2/BT 3/MAIN.tex:139: Missing $ inserted.
<inserted text> 
                $
l.139 \begin{cases}
                   
I've inserted a begin-math/end-math symbol since I think
you left one out. Proceed, with fingers crossed.

/home/nanachanuwu/CODE_LEARN_CODE_BLOCK/LATEX/DTT2/BT 3/MAIN.tex:142: Missing $ inserted.
<inserted text> 
                $
l.142 \end{cases}
                 
I've inserted something that you may have forgotten.
(See the <inserted text> above.)
With luck, this will get me unwedged. But if you
really didn't forget anything, try typing `2' now; then
my insertion and my current dilemma will both disappear.

/home/nanachanuwu/CODE_LEARN_CODE_BLOCK/LATEX/DTT2/BT 3/MAIN.tex:143: Missing $ inserted.
<inserted text> 
                $
l.143 \Rightarrow
                 
I've inserted a begin-math/end-math symbol since I think
you left one out. Proceed, with fingers crossed.

/home/nanachanuwu/CODE_LEARN_CODE_BLOCK/LATEX/DTT2/BT 3/MAIN.tex:148: Missing $ inserted.
<inserted text> 
                $
l.148 
      
I've inserted a begin-math/end-math symbol since I think
you left one out. Proceed, with fingers crossed.


LaTeX Warning: File `PI-BT/Screenshot from 2024-11-05 23-38-48.png' not found on input line 165.


/home/nanachanuwu/CODE_LEARN_CODE_BLOCK/LATEX/DTT2/BT 3/MAIN.tex:165: Package pdftex.def Error: File `PI-BT/Screenshot from 2024-11-05 23-38-48.png' not found: using draft setting.

See the pdftex.def package documentation for explanation.
Type  H <return>  for immediate help.
 ...                                              
                                                  
l.165 .../Screenshot from 2024-11-05 23-38-48.png}
                                                  
Try typing  <return>  to proceed.
If that doesn't work, type  X <return>  to quit.

/home/nanachanuwu/CODE_LEARN_CODE_BLOCK/LATEX/DTT2/BT 3/MAIN.tex:174: Missing $ inserted.
<inserted text> 
                $
l.174 \begin{cases}
                   
I've inserted a begin-math/end-math symbol since I think
you left one out. Proceed, with fingers crossed.

/home/nanachanuwu/CODE_LEARN_CODE_BLOCK/LATEX/DTT2/BT 3/MAIN.tex:177: Missing $ inserted.
<inserted text> 
                $
l.177 \end{cases}
                 
I've inserted something that you may have forgotten.
(See the <inserted text> above.)
With luck, this will get me unwedged. But if you
really didn't forget anything, try typing `2' now; then
my insertion and my current dilemma will both disappear.

/home/nanachanuwu/CODE_LEARN_CODE_BLOCK/LATEX/DTT2/BT 3/MAIN.tex:178: Missing $ inserted.
<inserted text> 
                $
l.178 \Rightarrow
                 
I've inserted a begin-math/end-math symbol since I think
you left one out. Proceed, with fingers crossed.

/home/nanachanuwu/CODE_LEARN_CODE_BLOCK/LATEX/DTT2/BT 3/MAIN.tex:183: Missing $ inserted.
<inserted text> 
                $
l.183 
      
I've inserted a begin-math/end-math symbol since I think
you left one out. Proceed, with fingers crossed.

[3]
/home/nanachanuwu/CODE_LEARN_CODE_BLOCK/LATEX/DTT2/BT 3/MAIN.tex:188: Missing $ inserted.
<inserted text> 
                $
l.188 \begin{cases}
                   
I've inserted a begin-math/end-math symbol since I think
you left one out. Proceed, with fingers crossed.

/home/nanachanuwu/CODE_LEARN_CODE_BLOCK/LATEX/DTT2/BT 3/MAIN.tex:191: Missing $ inserted.
<inserted text> 
                $
l.191 \end{cases}
                 
I've inserted something that you may have forgotten.
(See the <inserted text> above.)
With luck, this will get me unwedged. But if you
really didn't forget anything, try typing `2' now; then
my insertion and my current dilemma will both disappear.

/home/nanachanuwu/CODE_LEARN_CODE_BLOCK/LATEX/DTT2/BT 3/MAIN.tex:195: Missing $ inserted.
<inserted text> 
                $
l.195 \begin{cases}
                   
I've inserted a begin-math/end-math symbol since I think
you left one out. Proceed, with fingers crossed.

/home/nanachanuwu/CODE_LEARN_CODE_BLOCK/LATEX/DTT2/BT 3/MAIN.tex:198: Missing $ inserted.
<inserted text> 
                $
l.198 \end{cases}
                 
I've inserted something that you may have forgotten.
(See the <inserted text> above.)
With luck, this will get me unwedged. But if you
really didn't forget anything, try typing `2' now; then
my insertion and my current dilemma will both disappear.

/home/nanachanuwu/CODE_LEARN_CODE_BLOCK/LATEX/DTT2/BT 3/MAIN.tex:199: Missing $ inserted.
<inserted text> 
                $
l.199 \Rightarrow
                 
I've inserted a begin-math/end-math symbol since I think
you left one out. Proceed, with fingers crossed.


/home/nanachanuwu/CODE_LEARN_CODE_BLOCK/LATEX/DTT2/BT 3/MAIN.tex:200: LaTeX Error: Bad math environment delimiter.

See the LaTeX manual or LaTeX Companion for explanation.
Type  H <return>  for immediate help.
 ...                                              
                                                  
l.200 \begin{equation}
                      
Your command was ignored.
Type  I <command> <return>  to replace it with another command,
or  <return>  to continue without it.


LaTeX Font Warning: Command \large invalid in math mode on input line 201.

/home/nanachanuwu/CODE_LEARN_CODE_BLOCK/LATEX/DTT2/BT 3/MAIN.tex:203: You can't use `\eqno' in math mode.
\veqno ->\@kernel@eqno 
                       \aftergroup \ignorespaces 
l.203 \end{equation}
                    
Sorry, but I'm not programmed to handle this case;
I'll just pretend that you didn't ask for it.
If you're in the wrong mode, you might be able to
return to the right one by typing `I}' or `I$' or `I\par'.

/home/nanachanuwu/CODE_LEARN_CODE_BLOCK/LATEX/DTT2/BT 3/MAIN.tex:203: Missing \endgroup inserted.
<inserted text> 
                \endgroup 
l.203 \end{equation}
                    
I've inserted something that you may have forgotten.
(See the <inserted text> above.)
With luck, this will get me unwedged. But if you
really didn't forget anything, try typing `2' now; then
my insertion and my current dilemma will both disappear.


/home/nanachanuwu/CODE_LEARN_CODE_BLOCK/LATEX/DTT2/BT 3/MAIN.tex:203: LaTeX Error: \begin{document} ended by \end{equation}.

See the LaTeX manual or LaTeX Companion for explanation.
Type  H <return>  for immediate help.
 ...                                              
                                                  
l.203 \end{equation}
                    
Your command was ignored.
Type  I <command> <return>  to replace it with another command,
or  <return>  to continue without it.

/home/nanachanuwu/CODE_LEARN_CODE_BLOCK/LATEX/DTT2/BT 3/MAIN.tex:203: Missing $ inserted.
<inserted text> 
                $
l.203 \end{equation}
                    
I've inserted something that you may have forgotten.
(See the <inserted text> above.)
With luck, this will get me unwedged. But if you
really didn't forget anything, try typing `2' now; then
my insertion and my current dilemma will both disappear.

/home/nanachanuwu/CODE_LEARN_CODE_BLOCK/LATEX/DTT2/BT 3/MAIN.tex:203: Extra \endgroup.
<recently read> \endgroup 
                          
l.203 \end{equation}
                    
Things are pretty mixed up, but I think the worst is over.


/home/nanachanuwu/CODE_LEARN_CODE_BLOCK/LATEX/DTT2/BT 3/MAIN.tex:224: LaTeX Error: Unicode character œÄ (U+03C0)
               not set up for use with LaTeX.

See the LaTeX manual or LaTeX Companion for explanation.
Type  H <return>  for immediate help.
 ...                                              
                                                  
l.224 ...h√¨nh ch·ªØ "T", v√† c≈©ng nh∆∞ m·∫°ch œÄ
                                                  , n√≥ gi√∫p gi·∫£m thi·ªÉu...
You may provide a definition with
\DeclareUnicodeCharacter 

[4] [5] [6]

/home/nanachanuwu/CODE_LEARN_CODE_BLOCK/LATEX/DTT2/BT 3/MAIN.tex:243: LaTeX Error: Unicode character œÄ (U+03C0)
               not set up for use with LaTeX.

See the LaTeX manual or LaTeX Companion for explanation.
Type  H <return>  for immediate help.
 ...                                              
                                                  
l.243 ... v√† th∆∞·ªùng linh ho·∫°t h∆°n m·∫°ch œÄ
                                                  , ƒë·∫∑c bi·ªát khi c·∫ßn ...
You may provide a definition with
\DeclareUnicodeCharacter 


/home/nanachanuwu/CODE_LEARN_CODE_BLOCK/LATEX/DTT2/BT 3/MAIN.tex:249: LaTeX Error: Unicode character œÄ (U+03C0)
               not set up for use with LaTeX.

See the LaTeX manual or LaTeX Companion for explanation.
Type  H <return>  for immediate help.
 ...                                              
                                                  
l.249 ...c nhi·ªÖu th·∫•p h∆°n: So v·ªõi m·∫°ch œÄ
                                                  , m·∫°ch ch·ªØ T c√≥ kh·∫£...
You may provide a definition with
\DeclareUnicodeCharacter 


LaTeX Warning: File `t-bt/Screenshot from 2024-11-05 22-59-28.png' not found on input line 256.


/home/nanachanuwu/CODE_LEARN_CODE_BLOCK/LATEX/DTT2/BT 3/MAIN.tex:256: Package pdftex.def Error: File `t-bt/Screenshot from 2024-11-05 22-59-28.png' not found: using draft setting.

See the pdftex.def package documentation for explanation.
Type  H <return>  for immediate help.
 ...                                              
                                                  
l.256 .../Screenshot from 2024-11-05 22-59-28.png}
                                                  
Try typing  <return>  to proceed.
If that doesn't work, type  X <return>  to quit.

/home/nanachanuwu/CODE_LEARN_CODE_BLOCK/LATEX/DTT2/BT 3/MAIN.tex:268: Missing $ inserted.
<inserted text> 
                $
l.268 \begin{cases}
                   
I've inserted a begin-math/end-math symbol since I think
you left one out. Proceed, with fingers crossed.

[7]
/home/nanachanuwu/CODE_LEARN_CODE_BLOCK/LATEX/DTT2/BT 3/MAIN.tex:271: Missing $ inserted.
<inserted text> 
                $
l.271 \end{cases}
                 
I've inserted something that you may have forgotten.
(See the <inserted text> above.)
With luck, this will get me unwedged. But if you
really didn't forget anything, try typing `2' now; then
my insertion and my current dilemma will both disappear.

/home/nanachanuwu/CODE_LEARN_CODE_BLOCK/LATEX/DTT2/BT 3/MAIN.tex:272: Missing $ inserted.
<inserted text> 
                $
l.272 \Rightarrow
                 
I've inserted a begin-math/end-math symbol since I think
you left one out. Proceed, with fingers crossed.

/home/nanachanuwu/CODE_LEARN_CODE_BLOCK/LATEX/DTT2/BT 3/MAIN.tex:277: Missing $ inserted.
<inserted text> 
                $
l.277 
      
I've inserted a begin-math/end-math symbol since I think
you left one out. Proceed, with fingers crossed.

/home/nanachanuwu/CODE_LEARN_CODE_BLOCK/LATEX/DTT2/BT 3/MAIN.tex:280: Missing $ inserted.
<inserted text> 
                $
l.280 \begin{cases}
                   
I've inserted a begin-math/end-math symbol since I think
you left one out. Proceed, with fingers crossed.

/home/nanachanuwu/CODE_LEARN_CODE_BLOCK/LATEX/DTT2/BT 3/MAIN.tex:283: Missing $ inserted.
<inserted text> 
                $
l.283 \end{cases}
                 
I've inserted something that you may have forgotten.
(See the <inserted text> above.)
With luck, this will get me unwedged. But if you
really didn't forget anything, try typing `2' now; then
my insertion and my current dilemma will both disappear.

/home/nanachanuwu/CODE_LEARN_CODE_BLOCK/LATEX/DTT2/BT 3/MAIN.tex:284: Missing $ inserted.
<inserted text> 
                $
l.284 \Rightarrow
                 
I've inserted a begin-math/end-math symbol since I think
you left one out. Proceed, with fingers crossed.

/home/nanachanuwu/CODE_LEARN_CODE_BLOCK/LATEX/DTT2/BT 3/MAIN.tex:293: Missing $ inserted.
<inserted text> 
                $
l.293 
      
I've inserted a begin-math/end-math symbol since I think
you left one out. Proceed, with fingers crossed.


LaTeX Warning: File `t-bt/Screenshot from 2024-11-05 22-59-39.png' not found on input line 298.


/home/nanachanuwu/CODE_LEARN_CODE_BLOCK/LATEX/DTT2/BT 3/MAIN.tex:298: Package pdftex.def Error: File `t-bt/Screenshot from 2024-11-05 22-59-39.png' not found: using draft setting.

See the pdftex.def package documentation for explanation.
Type  H <return>  for immediate help.
 ...                                              
                                                  
l.298 .../Screenshot from 2024-11-05 22-59-39.png}
                                                  
Try typing  <return>  to proceed.
If that doesn't work, type  X <return>  to quit.

/home/nanachanuwu/CODE_LEARN_CODE_BLOCK/LATEX/DTT2/BT 3/MAIN.tex:304: Missing $ inserted.
<inserted text> 
                $
l.304 \begin{cases}
                   
I've inserted a begin-math/end-math symbol since I think
you left one out. Proceed, with fingers crossed.

/home/nanachanuwu/CODE_LEARN_CODE_BLOCK/LATEX/DTT2/BT 3/MAIN.tex:307: Missing $ inserted.
<inserted text> 
                $
l.307 \end{cases}
                 
I've inserted something that you may have forgotten.
(See the <inserted text> above.)
With luck, this will get me unwedged. But if you
really didn't forget anything, try typing `2' now; then
my insertion and my current dilemma will both disappear.

/home/nanachanuwu/CODE_LEARN_CODE_BLOCK/LATEX/DTT2/BT 3/MAIN.tex:308: Missing $ inserted.
<inserted text> 
                $
l.308 \Rightarrow
                 
I've inserted a begin-math/end-math symbol since I think
you left one out. Proceed, with fingers crossed.

/home/nanachanuwu/CODE_LEARN_CODE_BLOCK/LATEX/DTT2/BT 3/MAIN.tex:318: Missing $ inserted.
<inserted text> 
                $
l.318 
      
I've inserted a begin-math/end-math symbol since I think
you left one out. Proceed, with fingers crossed.


/home/nanachanuwu/CODE_LEARN_CODE_BLOCK/LATEX/DTT2/BT 3/MAIN.tex:320: LaTeX Error: Unicode character œâ (U+03C9)
               not set up for use with LaTeX.

See the LaTeX manual or LaTeX Companion for explanation.
Type  H <return>  for immediate help.
 ...                                              
                                                  
l.320 ...hia th√†nh hai cu·ªôn c·∫£m v·ªõi XA = œâ
                                                  LA v√† XB= œâLB
You may provide a definition with
\DeclareUnicodeCharacter 


/home/nanachanuwu/CODE_LEARN_CODE_BLOCK/LATEX/DTT2/BT 3/MAIN.tex:320: LaTeX Error: Unicode character œâ (U+03C9)
               not set up for use with LaTeX.

See the LaTeX manual or LaTeX Companion for explanation.
Type  H <return>  for immediate help.
 ...                                              
                                                  
l.320 ...i cu·ªôn c·∫£m v·ªõi XA = œâLA v√† XB= œâ
                                                  LB
You may provide a definition with
\DeclareUnicodeCharacter 

/home/nanachanuwu/CODE_LEARN_CODE_BLOCK/LATEX/DTT2/BT 3/MAIN.tex:322: Missing $ inserted.
<inserted text> 
                $
l.322 \begin{cases}
                   
I've inserted a begin-math/end-math symbol since I think
you left one out. Proceed, with fingers crossed.

/home/nanachanuwu/CODE_LEARN_CODE_BLOCK/LATEX/DTT2/BT 3/MAIN.tex:325: Missing $ inserted.
<inserted text> 
                $
l.325 \end{cases}
                 
I've inserted something that you may have forgotten.
(See the <inserted text> above.)
With luck, this will get me unwedged. But if you
really didn't forget anything, try typing `2' now; then
my insertion and my current dilemma will both disappear.

/home/nanachanuwu/CODE_LEARN_CODE_BLOCK/LATEX/DTT2/BT 3/MAIN.tex:326: Missing $ inserted.
<inserted text> 
                $
l.326 \Rightarrow
                 
I've inserted a begin-math/end-math symbol since I think
you left one out. Proceed, with fingers crossed.


/home/nanachanuwu/CODE_LEARN_CODE_BLOCK/LATEX/DTT2/BT 3/MAIN.tex:332: LaTeX Error: Bad math environment delimiter.

See the LaTeX manual or LaTeX Companion for explanation.
Type  H <return>  for immediate help.
 ...                                              
                                                  
l.332 \begin{equation}
                      
Your command was ignored.
Type  I <command> <return>  to replace it with another command,
or  <return>  to continue without it.

/home/nanachanuwu/CODE_LEARN_CODE_BLOCK/LATEX/DTT2/BT 3/MAIN.tex:334: You can't use `\eqno' in math mode.
\veqno ->\@kernel@eqno 
                       \aftergroup \ignorespaces 
l.334 \end{equation}
                    
Sorry, but I'm not programmed to handle this case;
I'll just pretend that you didn't ask for it.
If you're in the wrong mode, you might be able to
return to the right one by typing `I}' or `I$' or `I\par'.

/home/nanachanuwu/CODE_LEARN_CODE_BLOCK/LATEX/DTT2/BT 3/MAIN.tex:334: Missing \endgroup inserted.
<inserted text> 
                \endgroup 
l.334 \end{equation}
                    
I've inserted something that you may have forgotten.
(See the <inserted text> above.)
With luck, this will get me unwedged. But if you
really didn't forget anything, try typing `2' now; then
my insertion and my current dilemma will both disappear.


/home/nanachanuwu/CODE_LEARN_CODE_BLOCK/LATEX/DTT2/BT 3/MAIN.tex:334: LaTeX Error: \begin{document} ended by \end{equation}.

See the LaTeX manual or LaTeX Companion for explanation.
Type  H <return>  for immediate help.
 ...                                              
                                                  
l.334 \end{equation}
                    
Your command was ignored.
Type  I <command> <return>  to replace it with another command,
or  <return>  to continue without it.

/home/nanachanuwu/CODE_LEARN_CODE_BLOCK/LATEX/DTT2/BT 3/MAIN.tex:334: Missing $ inserted.
<inserted text> 
                $
l.334 \end{equation}
                    
I've inserted something that you may have forgotten.
(See the <inserted text> above.)
With luck, this will get me unwedged. But if you
really didn't forget anything, try typing `2' now; then
my insertion and my current dilemma will both disappear.

/home/nanachanuwu/CODE_LEARN_CODE_BLOCK/LATEX/DTT2/BT 3/MAIN.tex:334: Extra \endgroup.
<recently read> \endgroup 
                          
l.334 \end{equation}
                    
Things are pretty mixed up, but I think the worst is over.

[8] [9] (./MAIN.aux)
 ***********
LaTeX2e <2023-11-01> patch level 1
L3 programming layer <2024-01-22>
 ***********


LaTeX Warning: Label(s) may have changed. Rerun to get cross-references right.


Package rerunfilecheck Warning: File `MAIN.out' has changed.
(rerunfilecheck)                Rerun to get outlines right
(rerunfilecheck)                or use package `bookmark'.

Package rerunfilecheck Info: Checksums for `MAIN.out':
(rerunfilecheck)             Before: <no file>
(rerunfilecheck)             After:  A184C2C58B57D1F3290907F05FEBF0C4;3458.
 ) 
Here is how much of TeX's memory you used:
 10242 strings out of 474222
 160882 string characters out of 5748732
 1937975 words of memory out of 5000000
 32320 multiletter control sequences out of 15000+600000
 569577 words of font info for 50 fonts, out of 8000000 for 9000
 1141 hyphenation exceptions out of 8191
 75i,13n,79p,562b,542s stack positions out of 10000i,1000n,20000p,200000b,200000s
</usr/share/texlive/texmf-dist/fonts/type1/public/amsfonts/cm/cmex10.pfb></usr/share/texlive/texmf-dist/fonts/type1/public/amsfonts/cm/cmmi10.pfb></usr/share/texlive/texmf-dist/fonts/type1/public/amsfonts/cm/cmmi5.pfb></usr/share/texlive/texmf-dist/fonts/type1/public/amsfonts/cm/cmmi7.pfb></usr/share/texlive/texmf-dist/fonts/type1/public/amsfonts/cm/cmr10.pfb></usr/share/texlive/texmf-dist/fonts/type1/public/amsfonts/cm/cmr5.pfb></usr/share/texlive/texmf-dist/fonts/type1/public/amsfonts/cm/cmr7.pfb></usr/share/texlive/texmf-dist/fonts/type1/public/amsfonts/cm/cmsy10.pfb></usr/share/texlive/texmf-dist/fonts/type1/vntex/vnr/vnbx10.pfb></usr/share/texlive/texmf-dist/fonts/type1/vntex/vnr/vnbx12.pfb></usr/share/texlive/texmf-dist/fonts/type1/vntex/vnr/vnr10.pfb></usr/share/texlive/texmf-dist/fonts/type1/vntex/vnr/vnr12.pfb></usr/share/texlive/texmf-dist/fonts/type1/vntex/vnr/vnr17.pfb></usr/share/texlive/texmf-dist/fonts/type1/vntex/vnr/vnr5.pfb></usr/share/texlive/texmf-dist/fonts/type1/vntex/vnr/vnr7.pfb></usr/share/texlive/texmf-dist/fonts/type1/vntex/vnr/vntt10.pfb>
Output written on MAIN.pdf (10 pages, 174395 bytes).
PDF statistics:
 188 PDF objects out of 1000 (max. 8388607)
 142 compressed objects within 2 object streams
 55 named destinations out of 1000 (max. 500000)
 1 words of extra memory for PDF output out of 10000 (max. 10000000)

