\BOOKMARK [1][-]{section*.1}{\376\377\000M\036\345\000c\000\040\000l\036\345\000c}{}% 1
\BOOKMARK [1][-]{section*.2}{\376\377\000D\000a\000n\000h\000\040\000s\000\341\000c\000h\000\040\000h\000\354\000n\000h\000\040\000v\036\275}{}% 2
\BOOKMARK [1][-]{section.1}{\376\377\000M\036\241\000c\000h\000\040\000p\000h\036\321\000i\000\040\000h\036\343\000p\000\040\000t\000r\036\337\000\040\000k\000h\000\341\000n\000g\000\040\000c\000h\036\357\000\040\000P\000i}{}% 3
\BOOKMARK [2][-]{subsection.1.1}{\376\377\000G\000i\036\333\000i\000\040\000t\000h\000i\036\307\000u\000\040\000v\036\301\000\040\000m\036\241\000c\000h\000\040\000t\000r\036\337\000\040\000k\000h\000\341\000n\000g\000\040\000c\000h\036\357\000\040\000P\000i\000\040}{section.1}% 4
\BOOKMARK [2][-]{subsection.1.2}{\376\377\000C\036\245\000u\000\040\000t\000r\000\372\000c\000\040\000c\036\347\000a\000\040\000m\036\241\000c\000h\000\040\000t\000r\036\337\000\040\000k\000h\000\341\000n\000g\000\040\000c\000h\036\357\000\040\000P\000i}{section.1}% 5
\BOOKMARK [2][-]{subsection.1.3}{\376\377\000N\000g\000u\000y\000\352\000n\000\040\000l\000\375\000\040\000h\000o\036\241\000t\000\040\001\021\036\331\000n\000g\000\040}{section.1}% 6
\BOOKMARK [2][-]{subsection.1.4}{\376\377\036\350\000n\000g\000\040\000d\036\345\000n\000g\000\040}{section.1}% 7
\BOOKMARK [2][-]{subsection.1.5}{\376\377\001\257\000u\000\040\000n\000h\001\260\036\343\000c\000\040\001\021\000i\036\303\000m\000\040}{section.1}% 8
\BOOKMARK [2][-]{subsection.1.6}{\376\377\000C\000\341\000c\000\040\000b\001\260\036\333\000c\000\040\000t\000\355\000n\000h\000\040\000t\000o\000\341\000n}{section.1}% 9
\BOOKMARK [3][-]{subsubsection.1.6.1}{\376\377\000L\000o\000w\000-\000p\000a\000s\000s}{subsection.1.6}% 10
\BOOKMARK [3][-]{subsubsection.1.6.2}{\376\377\000H\000i\000g\000h\000-\000p\000a\000s\000s}{subsection.1.6}% 11
\BOOKMARK [1][-]{section.2}{\376\377\000M\036\241\000c\000h\000\040\000p\000h\036\321\000i\000\040\000h\036\343\000p\000\040\000t\000r\036\337\000\040\000k\000h\000\341\000n\000g\000\040\000c\000h\036\357\000\040\000T\000\040}{}% 12
\BOOKMARK [2][-]{subsection.2.1}{\376\377\000G\000i\036\333\000i\000\040\000t\000h\000i\036\307\000u\000\040\000v\036\301\000\040\000m\036\241\000c\000h\000\040\000t\000r\036\337\000\040\000k\000h\000\341\000n\000g\000\040\000c\000h\036\357\000\040\000T}{section.2}% 13
\BOOKMARK [2][-]{subsection.2.2}{\376\377\000C\036\245\000u\000\040\000t\000r\000\372\000c\000\040\000c\036\347\000a\000\040\000m\036\241\000c\000h\000\040\000t\000r\036\337\000\040\000k\000h\000\341\000n\000g\000\040\000c\000h\036\357\000\040\000T}{section.2}% 14
\BOOKMARK [2][-]{subsection.2.3}{\376\377\000N\000g\000u\000y\000\352\000n\000\040\000l\000\375\000\040\000h\000o\036\241\000t\000\040\000d\036\331\000n\000g}{section.2}% 15
\BOOKMARK [2][-]{subsection.2.4}{\376\377\036\350\000n\000g\000\040\000d\036\345\000n\000g\000\040}{section.2}% 16
\BOOKMARK [2][-]{subsection.2.5}{\376\377\001\257\000u\000\040\000n\000h\001\260\036\343\000c\000\040\001\021\000i\036\303\000m}{section.2}% 17
\BOOKMARK [2][-]{subsection.2.6}{\376\377\000C\000\341\000c\000\040\000b\001\260\036\333\000c\000\040\000t\000\355\000n\000h\000\040\000t\000o\000\341\000n\000\040}{section.2}% 18
\BOOKMARK [3][-]{subsubsection.2.6.1}{\376\377\000L\000o\000w\000-\000p\000a\000s\000s}{subsection.2.6}% 19
\BOOKMARK [3][-]{subsubsection.2.6.2}{\376\377\000h\000i\000g\000h\000-\000p\000a\000s\000s}{subsection.2.6}% 20
